\BOOKMARK [0][-]{section*.2}{Table of Contents}{}% 1
\BOOKMARK [0][-]{chapter.1}{1 Running Python}{}% 2
\BOOKMARK [1][-]{section.1.1}{1.1 Running Your First Program}{chapter.1}% 3
\BOOKMARK [1][-]{section.1.2}{1.2 The Python Console}{chapter.1}% 4
\BOOKMARK [0][-]{chapter.2}{2 Variables and Data Types}{}% 5
\BOOKMARK [1][-]{section.2.1}{2.1 It's a Calculator}{chapter.2}% 6
\BOOKMARK [1][-]{section.2.2}{2.2 Variables}{chapter.2}% 7
\BOOKMARK [1][-]{section.2.3}{2.3 Displaying Results}{chapter.2}% 8
\BOOKMARK [1][-]{section.2.4}{2.4 Functions}{chapter.2}% 9
\BOOKMARK [0][-]{chapter.3}{3 Calculating}{}% 10
\BOOKMARK [1][-]{section.3.1}{3.1 Mathematical functions}{chapter.3}% 11
\BOOKMARK [1][-]{section.3.2}{3.2 Numpy Arrays}{chapter.3}% 12
\BOOKMARK [1][-]{section.3.3}{3.3 Matrices}{chapter.3}% 13
\BOOKMARK [1][-]{section.3.4}{3.4 Statistics}{chapter.3}% 14
\BOOKMARK [0][-]{chapter.4}{4 Loops and Logic}{}% 15
\BOOKMARK [1][-]{section.4.1}{4.1 For Loops}{chapter.4}% 16
\BOOKMARK [1][-]{section.4.2}{4.2 Logical Statements}{chapter.4}% 17
\BOOKMARK [1][-]{section.4.3}{4.3 While Loops}{chapter.4}% 18
\BOOKMARK [0][-]{chapter.5}{5 Plotting}{}% 19
\BOOKMARK [1][-]{section.5.1}{5.1 Plotting Data}{chapter.5}% 20
\BOOKMARK [1][-]{section.5.2}{5.2 Plotting Functions}{chapter.5}% 21
\BOOKMARK [1][-]{section.5.3}{5.3 Histograms}{chapter.5}% 22
\BOOKMARK [1][-]{section.5.4}{5.4 Displaying multiple plots}{chapter.5}% 23
\BOOKMARK [0][-]{chapter.6}{6 Fitting Functions to Data}{}% 24
\BOOKMARK [1][-]{section.6.1}{6.1 Fitting to Linear Functions}{chapter.6}% 25
\BOOKMARK [1][-]{section.6.2}{6.2 Fitting to an Arbitrary Function}{chapter.6}% 26
\BOOKMARK [1][-]{section.6.3}{6.3 Plotting the Fit}{chapter.6}% 27
